[ 2017-09-25T11:11:02+08:00 ] ::1 /wxsdk/Home/Sdk/getToken
INFO: [ app_init ] --START--
INFO: Run Behavior\BuildLiteBehavior [ RunTime:0.000000s ]
INFO: [ app_init ] --END-- [ RunTime:0.002000s ]
INFO: [ app_begin ] --START--
INFO: Run Behavior\ReadHtmlCacheBehavior [ RunTime:0.001000s ]
INFO: [ app_begin ] --END-- [ RunTime:0.001000s ]
NOTIC: [8] Use of undefined constant grant_type - assumed 'grant_type' D:\WWW\wxsdk\Application\Home\Controller\SdkController.class.php 第 103 行.
NOTIC: [8] Use of undefined constant appid - assumed 'appid' D:\WWW\wxsdk\Application\Home\Controller\SdkController.class.php 第 104 行.
NOTIC: [8] Use of undefined constant secret - assumed 'secret' D:\WWW\wxsdk\Application\Home\Controller\SdkController.class.php 第 105 行.
NOTIC: [8] Undefined property: stdClass::$errcode D:\WWW\wxsdk\Application\Home\Controller\SdkController.class.php 第 111 行.
INFO: [ app_end ] --START--
INFO: Run Behavior\ShowPageTraceBehavior [ RunTime:0.005000s ]
INFO: [ app_end ] --END-- [ RunTime:0.005000s ]

[ 2017-09-25T11:11:08+08:00 ] ::1 /wxsdk/Home/Sdk/signature
INFO: [ app_init ] --START--
INFO: Run Behavior\BuildLiteBehavior [ RunTime:0.000000s ]
INFO: [ app_init ] --END-- [ RunTime:0.001000s ]
INFO: [ app_begin ] --START--
INFO: Run Behavior\ReadHtmlCacheBehavior [ RunTime:0.001000s ]
INFO: [ app_begin ] --END-- [ RunTime:0.001000s ]
NOTIC: [8] Use of undefined constant access_token - assumed 'access_token' D:\WWW\wxsdk\Application\Home\Controller\SdkController.class.php 第 71 行.
NOTIC: [8] Use of undefined constant type - assumed 'type' D:\WWW\wxsdk\Application\Home\Controller\SdkController.class.php 第 72 行.
NOTIC: [8] Undefined variable: httpData D:\WWW\wxsdk\Application\Home\Controller\SdkController.class.php 第 56 行.
NOTIC: [8] Undefined variable: httpData D:\WWW\wxsdk\Application\Home\Controller\SdkController.class.php 第 56 行.
INFO: [ app_end ] --START--
INFO: Run Behavior\ShowPageTraceBehavior [ RunTime:0.002000s ]
INFO: [ app_end ] --END-- [ RunTime:0.002000s ]

[ 2017-09-25T11:11:33+08:00 ] ::1 /wxsdk/Home/Sdk/signature
INFO: [ app_init ] --START--
INFO: Run Behavior\BuildLiteBehavior [ RunTime:0.001000s ]
INFO: [ app_init ] --END-- [ RunTime:0.001000s ]
INFO: [ app_begin ] --START--
INFO: Run Behavior\ReadHtmlCacheBehavior [ RunTime:0.000000s ]
INFO: [ app_begin ] --END-- [ RunTime:0.000000s ]
NOTIC: [8] Use of undefined constant access_token - assumed 'access_token' D:\WWW\wxsdk\Application\Home\Controller\SdkController.class.php 第 73 行.
NOTIC: [8] Use of undefined constant type - assumed 'type' D:\WWW\wxsdk\Application\Home\Controller\SdkController.class.php 第 74 行.
NOTIC: [8] Undefined variable: httpData D:\WWW\wxsdk\Application\Home\Controller\SdkController.class.php 第 58 行.
INFO: [ app_end ] --START--
INFO: Run Behavior\ShowPageTraceBehavior [ RunTime:0.001000s ]
INFO: [ app_end ] --END-- [ RunTime:0.002000s ]

[ 2017-09-25T11:12:07+08:00 ] ::1 /wxsdk/Home/Sdk/signature?url=http://www.huijia-edu.com/xin/join.html
INFO: [ app_init ] --START--
INFO: Run Behavior\BuildLiteBehavior [ RunTime:0.000000s ]
INFO: [ app_init ] --END-- [ RunTime:0.001000s ]
INFO: [ app_begin ] --START--
INFO: Run Behavior\ReadHtmlCacheBehavior [ RunTime:0.000000s ]
INFO: [ app_begin ] --END-- [ RunTime:0.000000s ]
NOTIC: [8] Use of undefined constant access_token - assumed 'access_token' D:\WWW\wxsdk\Application\Home\Controller\SdkController.class.php 第 73 行.
NOTIC: [8] Use of undefined constant type - assumed 'type' D:\WWW\wxsdk\Application\Home\Controller\SdkController.class.php 第 74 行.
NOTIC: [8] Undefined variable: httpData D:\WWW\wxsdk\Application\Home\Controller\SdkController.class.php 第 58 行.
INFO: [ app_end ] --START--
INFO: Run Behavior\ShowPageTraceBehavior [ RunTime:0.001000s ]
INFO: [ app_end ] --END-- [ RunTime:0.001000s ]

[ 2017-09-25T11:18:56+08:00 ] ::1 /wxsdk/Home/Sdk/signature
INFO: [ app_init ] --START--
INFO: Run Behavior\BuildLiteBehavior [ RunTime:0.000000s ]
INFO: [ app_init ] --END-- [ RunTime:0.001000s ]
INFO: [ app_begin ] --START--
INFO: Run Behavior\ReadHtmlCacheBehavior [ RunTime:0.001000s ]
INFO: [ app_begin ] --END-- [ RunTime:0.001000s ]
NOTIC: [8] Use of undefined constant access_token - assumed 'access_token' D:\WWW\wxsdk\Application\Home\Controller\SdkController.class.php 第 74 行.
NOTIC: [8] Use of undefined constant type - assumed 'type' D:\WWW\wxsdk\Application\Home\Controller\SdkController.class.php 第 75 行.
NOTIC: [8] Undefined variable: httpData D:\WWW\wxsdk\Application\Home\Controller\SdkController.class.php 第 59 行.
INFO: [ app_end ] --START--
INFO: Run Behavior\ShowPageTraceBehavior [ RunTime:0.002000s ]
INFO: [ app_end ] --END-- [ RunTime:0.002000s ]

[ 2017-09-25T11:28:31+08:00 ] ::1 /wxsdk/Home/Sdk/signature
INFO: [ app_init ] --START--
INFO: Run Behavior\BuildLiteBehavior [ RunTime:0.000000s ]
INFO: [ app_init ] --END-- [ RunTime:0.001000s ]
INFO: [ app_begin ] --START--
INFO: Run Behavior\ReadHtmlCacheBehavior [ RunTime:0.001000s ]
INFO: [ app_begin ] --END-- [ RunTime:0.001000s ]
NOTIC: [8] Use of undefined constant access_token - assumed 'access_token' D:\WWW\wxsdk\Application\Home\Controller\SdkController.class.php 第 74 行.
NOTIC: [8] Use of undefined constant type - assumed 'type' D:\WWW\wxsdk\Application\Home\Controller\SdkController.class.php 第 75 行.
NOTIC: [8] Undefined variable: httpData D:\WWW\wxsdk\Application\Home\Controller\SdkController.class.php 第 59 行.
INFO: [ app_end ] --START--
INFO: Run Behavior\ShowPageTraceBehavior [ RunTime:0.001000s ]
INFO: [ app_end ] --END-- [ RunTime:0.002000s ]

[ 2017-09-25T11:28:32+08:00 ] ::1 /wxsdk/Home/Sdk/signature
INFO: [ app_init ] --START--
INFO: Run Behavior\BuildLiteBehavior [ RunTime:0.000000s ]
INFO: [ app_init ] --END-- [ RunTime:0.000000s ]
INFO: [ app_begin ] --START--
INFO: Run Behavior\ReadHtmlCacheBehavior [ RunTime:0.000000s ]
INFO: [ app_begin ] --END-- [ RunTime:0.000000s ]
NOTIC: [8] Use of undefined constant access_token - assumed 'access_token' D:\WWW\wxsdk\Application\Home\Controller\SdkController.class.php 第 74 行.
NOTIC: [8] Use of undefined constant type - assumed 'type' D:\WWW\wxsdk\Application\Home\Controller\SdkController.class.php 第 75 行.
NOTIC: [8] Undefined variable: httpData D:\WWW\wxsdk\Application\Home\Controller\SdkController.class.php 第 59 行.
INFO: [ app_end ] --START--
INFO: Run Behavior\ShowPageTraceBehavior [ RunTime:0.002000s ]
INFO: [ app_end ] --END-- [ RunTime:0.002000s ]

[ 2017-09-25T11:32:47+08:00 ] ::1 /wxsdk/Home/Sdk/signature?url=http://localhost/employ/html2.0/join.html
INFO: [ app_init ] --START--
INFO: Run Behavior\BuildLiteBehavior [ RunTime:0.000000s ]
INFO: [ app_init ] --END-- [ RunTime:0.001000s ]
INFO: [ app_begin ] --START--
INFO: Run Behavior\ReadHtmlCacheBehavior [ RunTime:0.000000s ]
INFO: [ app_begin ] --END-- [ RunTime:0.000000s ]
NOTIC: [8] Use of undefined constant access_token - assumed 'access_token' D:\WWW\wxsdk\Application\Home\Controller\SdkController.class.php 第 74 行.
NOTIC: [8] Use of undefined constant type - assumed 'type' D:\WWW\wxsdk\Application\Home\Controller\SdkController.class.php 第 75 行.
NOTIC: [8] Undefined variable: httpData D:\WWW\wxsdk\Application\Home\Controller\SdkController.class.php 第 59 行.
INFO: [ app_end ] --START--
INFO: Run Behavior\ShowPageTraceBehavior [ RunTime:0.002000s ]
INFO: [ app_end ] --END-- [ RunTime:0.002000s ]

[ 2017-09-25T11:32:52+08:00 ] ::1 /wxsdk/Home/Sdk/signature?url=http://localhost/employ/html2.0/join.html
INFO: [ app_init ] --START--
INFO: Run Behavior\BuildLiteBehavior [ RunTime:0.000000s ]
INFO: [ app_init ] --END-- [ RunTime:0.001000s ]
INFO: [ app_begin ] --START--
INFO: Run Behavior\ReadHtmlCacheBehavior [ RunTime:0.000000s ]
INFO: [ app_begin ] --END-- [ RunTime:0.000000s ]
NOTIC: [8] Use of undefined constant access_token - assumed 'access_token' D:\WWW\wxsdk\Application\Home\Controller\SdkController.class.php 第 74 行.
NOTIC: [8] Use of undefined constant type - assumed 'type' D:\WWW\wxsdk\Application\Home\Controller\SdkController.class.php 第 75 行.
NOTIC: [8] Undefined variable: httpData D:\WWW\wxsdk\Application\Home\Controller\SdkController.class.php 第 59 行.
INFO: [ app_end ] --START--
INFO: Run Behavior\ShowPageTraceBehavior [ RunTime:0.001000s ]
INFO: [ app_end ] --END-- [ RunTime:0.001000s ]

[ 2017-09-25T11:33:12+08:00 ] ::1 /wxsdk/Home/Sdk/signature?url=http://localhost/employ/html2.0/join.html
INFO: [ app_init ] --START--
INFO: Run Behavior\BuildLiteBehavior [ RunTime:0.000000s ]
INFO: [ app_init ] --END-- [ RunTime:0.000000s ]
INFO: [ app_begin ] --START--
INFO: Run Behavior\ReadHtmlCacheBehavior [ RunTime:0.001000s ]
INFO: [ app_begin ] --END-- [ RunTime:0.001000s ]
NOTIC: [8] Use of undefined constant access_token - assumed 'access_token' D:\WWW\wxsdk\Application\Home\Controller\SdkController.class.php 第 74 行.
NOTIC: [8] Use of undefined constant type - assumed 'type' D:\WWW\wxsdk\Application\Home\Controller\SdkController.class.php 第 75 行.
NOTIC: [8] Undefined variable: httpData D:\WWW\wxsdk\Application\Home\Controller\SdkController.class.php 第 59 行.
INFO: [ app_end ] --START--
INFO: Run Behavior\ShowPageTraceBehavior [ RunTime:0.001000s ]
INFO: [ app_end ] --END-- [ RunTime:0.001000s ]

[ 2017-09-25T11:33:41+08:00 ] ::1 /wxsdk/Home/Sdk/signature?url=http://localhost/employ/html2.0/join.html
INFO: [ app_init ] --START--
INFO: Run Behavior\BuildLiteBehavior [ RunTime:0.000000s ]
INFO: [ app_init ] --END-- [ RunTime:0.001000s ]
INFO: [ app_begin ] --START--
INFO: Run Behavior\ReadHtmlCacheBehavior [ RunTime:0.000000s ]
INFO: [ app_begin ] --END-- [ RunTime:0.000000s ]
NOTIC: [8] Use of undefined constant access_token - assumed 'access_token' D:\WWW\wxsdk\Application\Home\Controller\SdkController.class.php 第 74 行.
NOTIC: [8] Use of undefined constant type - assumed 'type' D:\WWW\wxsdk\Application\Home\Controller\SdkController.class.php 第 75 行.
NOTIC: [8] Undefined variable: httpData D:\WWW\wxsdk\Application\Home\Controller\SdkController.class.php 第 59 行.
INFO: [ app_end ] --START--
INFO: Run Behavior\ShowPageTraceBehavior [ RunTime:0.000000s ]
INFO: [ app_end ] --END-- [ RunTime:0.000000s ]

[ 2017-09-25T14:08:12+08:00 ] ::1 /wxsdk/Home/Sdk/getToken
INFO: [ app_init ] --START--
INFO: Run Behavior\BuildLiteBehavior [ RunTime:0.000000s ]
INFO: [ app_init ] --END-- [ RunTime:0.001000s ]
INFO: [ app_begin ] --START--
INFO: Run Behavior\ReadHtmlCacheBehavior [ RunTime:0.001000s ]
INFO: [ app_begin ] --END-- [ RunTime:0.001000s ]
NOTIC: [8] Use of undefined constant grant_type - assumed 'grant_type' D:\WWW\wxsdk\Application\Home\Controller\SdkController.class.php 第 107 行.
NOTIC: [8] Use of undefined constant appid - assumed 'appid' D:\WWW\wxsdk\Application\Home\Controller\SdkController.class.php 第 108 行.
NOTIC: [8] Use of undefined constant secret - assumed 'secret' D:\WWW\wxsdk\Application\Home\Controller\SdkController.class.php 第 109 行.
NOTIC: [8] Undefined property: stdClass::$errcode D:\WWW\wxsdk\Application\Home\Controller\SdkController.class.php 第 115 行.
INFO: [ app_end ] --START--
INFO: Run Behavior\ShowPageTraceBehavior [ RunTime:0.001000s ]
INFO: [ app_end ] --END-- [ RunTime:0.001000s ]

[ 2017-09-25T14:08:17+08:00 ] ::1 /wxsdk/Home/Sdk/signature
INFO: [ app_init ] --START--
INFO: Run Behavior\BuildLiteBehavior [ RunTime:0.000000s ]
INFO: [ app_init ] --END-- [ RunTime:0.001000s ]
INFO: [ app_begin ] --START--
INFO: Run Behavior\ReadHtmlCacheBehavior [ RunTime:0.001000s ]
INFO: [ app_begin ] --END-- [ RunTime:0.001000s ]
NOTIC: [8] Use of undefined constant grant_type - assumed 'grant_type' D:\WWW\wxsdk\Application\Home\Controller\SdkController.class.php 第 107 行.
NOTIC: [8] Use of undefined constant appid - assumed 'appid' D:\WWW\wxsdk\Application\Home\Controller\SdkController.class.php 第 108 行.
NOTIC: [8] Use of undefined constant secret - assumed 'secret' D:\WWW\wxsdk\Application\Home\Controller\SdkController.class.php 第 109 行.
NOTIC: [8] Undefined property: stdClass::$errcode D:\WWW\wxsdk\Application\Home\Controller\SdkController.class.php 第 115 行.
NOTIC: [8] Use of undefined constant access_token - assumed 'access_token' D:\WWW\wxsdk\Application\Home\Controller\SdkController.class.php 第 75 行.
NOTIC: [8] Use of undefined constant type - assumed 'type' D:\WWW\wxsdk\Application\Home\Controller\SdkController.class.php 第 76 行.
NOTIC: [8] Undefined variable: httpData D:\WWW\wxsdk\Application\Home\Controller\SdkController.class.php 第 60 行.
INFO: [ app_end ] --START--
INFO: Run Behavior\ShowPageTraceBehavior [ RunTime:0.002000s ]
INFO: [ app_end ] --END-- [ RunTime:0.002000s ]

[ 2017-09-25T14:08:31+08:00 ] ::1 /wxsdk/Home/Sdk/signature?url=http://www.huijia-edu.com/xin/join.html
INFO: [ app_init ] --START--
INFO: Run Behavior\BuildLiteBehavior [ RunTime:0.000000s ]
INFO: [ app_init ] --END-- [ RunTime:0.000000s ]
INFO: [ app_begin ] --START--
INFO: Run Behavior\ReadHtmlCacheBehavior [ RunTime:0.001000s ]
INFO: [ app_begin ] --END-- [ RunTime:0.001000s ]
NOTIC: [8] Use of undefined constant grant_type - assumed 'grant_type' D:\WWW\wxsdk\Application\Home\Controller\SdkController.class.php 第 107 行.
NOTIC: [8] Use of undefined constant appid - assumed 'appid' D:\WWW\wxsdk\Application\Home\Controller\SdkController.class.php 第 108 行.
NOTIC: [8] Use of undefined constant secret - assumed 'secret' D:\WWW\wxsdk\Application\Home\Controller\SdkController.class.php 第 109 行.
NOTIC: [8] Undefined property: stdClass::$errcode D:\WWW\wxsdk\Application\Home\Controller\SdkController.class.php 第 115 行.
NOTIC: [8] Use of undefined constant access_token - assumed 'access_token' D:\WWW\wxsdk\Application\Home\Controller\SdkController.class.php 第 75 行.
NOTIC: [8] Use of undefined constant type - assumed 'type' D:\WWW\wxsdk\Application\Home\Controller\SdkController.class.php 第 76 行.
NOTIC: [8] Undefined variable: httpData D:\WWW\wxsdk\Application\Home\Controller\SdkController.class.php 第 60 行.
INFO: [ app_end ] --START--
INFO: Run Behavior\ShowPageTraceBehavior [ RunTime:0.002000s ]
INFO: [ app_end ] --END-- [ RunTime:0.002000s ]

[ 2017-09-25T14:13:33+08:00 ] ::1 /wxsdk/Home/Sdk/signature?url=http://www.huijia-edu.com/xin/join.html
INFO: [ app_init ] --START--
INFO: Run Behavior\BuildLiteBehavior [ RunTime:0.000000s ]
INFO: [ app_init ] --END-- [ RunTime:0.000000s ]
INFO: [ app_begin ] --START--
INFO: Run Behavior\ReadHtmlCacheBehavior [ RunTime:0.000000s ]
INFO: [ app_begin ] --END-- [ RunTime:0.000000s ]
NOTIC: [8] Use of undefined constant grant_type - assumed 'grant_type' D:\WWW\wxsdk\Application\Home\Controller\SdkController.class.php 第 107 行.
NOTIC: [8] Use of undefined constant appid - assumed 'appid' D:\WWW\wxsdk\Application\Home\Controller\SdkController.class.php 第 108 行.
NOTIC: [8] Use of undefined constant secret - assumed 'secret' D:\WWW\wxsdk\Application\Home\Controller\SdkController.class.php 第 109 行.
NOTIC: [8] Undefined property: stdClass::$errcode D:\WWW\wxsdk\Application\Home\Controller\SdkController.class.php 第 115 行.
NOTIC: [8] Use of undefined constant access_token - assumed 'access_token' D:\WWW\wxsdk\Application\Home\Controller\SdkController.class.php 第 75 行.
NOTIC: [8] Use of undefined constant type - assumed 'type' D:\WWW\wxsdk\Application\Home\Controller\SdkController.class.php 第 76 行.
NOTIC: [8] Undefined variable: httpData D:\WWW\wxsdk\Application\Home\Controller\SdkController.class.php 第 60 行.
INFO: [ app_end ] --START--
INFO: Run Behavior\ShowPageTraceBehavior [ RunTime:0.001000s ]
INFO: [ app_end ] --END-- [ RunTime:0.001000s ]

[ 2017-09-25T14:15:07+08:00 ] ::1 /wxsdk/Home/Sdk/signature?url=http://www.huijia-edu.com/xin/join.html
INFO: [ app_init ] --START--
INFO: Run Behavior\BuildLiteBehavior [ RunTime:0.000000s ]
INFO: [ app_init ] --END-- [ RunTime:0.000000s ]
INFO: [ app_begin ] --START--
INFO: Run Behavior\ReadHtmlCacheBehavior [ RunTime:0.001000s ]
INFO: [ app_begin ] --END-- [ RunTime:0.001000s ]
NOTIC: [8] Use of undefined constant grant_type - assumed 'grant_type' D:\WWW\wxsdk\Application\Home\Controller\SdkController.class.php 第 107 行.
NOTIC: [8] Use of undefined constant appid - assumed 'appid' D:\WWW\wxsdk\Application\Home\Controller\SdkController.class.php 第 108 行.
NOTIC: [8] Use of undefined constant secret - assumed 'secret' D:\WWW\wxsdk\Application\Home\Controller\SdkController.class.php 第 109 行.
NOTIC: [8] Undefined property: stdClass::$errcode D:\WWW\wxsdk\Application\Home\Controller\SdkController.class.php 第 115 行.
NOTIC: [8] Use of undefined constant access_token - assumed 'access_token' D:\WWW\wxsdk\Application\Home\Controller\SdkController.class.php 第 75 行.
NOTIC: [8] Use of undefined constant type - assumed 'type' D:\WWW\wxsdk\Application\Home\Controller\SdkController.class.php 第 76 行.
NOTIC: [8] Undefined variable: httpData D:\WWW\wxsdk\Application\Home\Controller\SdkController.class.php 第 60 行.
INFO: [ app_end ] --START--
INFO: Run Behavior\ShowPageTraceBehavior [ RunTime:0.002000s ]
INFO: [ app_end ] --END-- [ RunTime:0.002000s ]

[ 2017-09-25T14:16:05+08:00 ] ::1 /wxsdk/Home/Sdk/signature?url=http://www.huijia-edu.com/xin/join.html
INFO: [ app_init ] --START--
INFO: Run Behavior\BuildLiteBehavior [ RunTime:0.000000s ]
INFO: [ app_init ] --END-- [ RunTime:0.001000s ]
INFO: [ app_begin ] --START--
INFO: Run Behavior\ReadHtmlCacheBehavior [ RunTime:0.001000s ]
INFO: [ app_begin ] --END-- [ RunTime:0.001000s ]
NOTIC: [8] Use of undefined constant grant_type - assumed 'grant_type' D:\WWW\wxsdk\Application\Home\Controller\SdkController.class.php 第 107 行.
NOTIC: [8] Use of undefined constant appid - assumed 'appid' D:\WWW\wxsdk\Application\Home\Controller\SdkController.class.php 第 108 行.
NOTIC: [8] Use of undefined constant secret - assumed 'secret' D:\WWW\wxsdk\Application\Home\Controller\SdkController.class.php 第 109 行.
NOTIC: [8] Undefined property: stdClass::$errcode D:\WWW\wxsdk\Application\Home\Controller\SdkController.class.php 第 115 行.
NOTIC: [8] Use of undefined constant access_token - assumed 'access_token' D:\WWW\wxsdk\Application\Home\Controller\SdkController.class.php 第 75 行.
NOTIC: [8] Use of undefined constant type - assumed 'type' D:\WWW\wxsdk\Application\Home\Controller\SdkController.class.php 第 76 行.
NOTIC: [8] Undefined variable: httpData D:\WWW\wxsdk\Application\Home\Controller\SdkController.class.php 第 60 行.
INFO: [ app_end ] --START--
INFO: Run Behavior\ShowPageTraceBehavior [ RunTime:0.001000s ]
INFO: [ app_end ] --END-- [ RunTime:0.001000s ]

[ 2017-09-25T14:18:01+08:00 ] ::1 /wxsdk/Home/Sdk/signature?url=http://www.huijia-edu.com/xin/join.html
INFO: [ app_init ] --START--
INFO: Run Behavior\BuildLiteBehavior [ RunTime:0.000000s ]
INFO: [ app_init ] --END-- [ RunTime:0.001000s ]
INFO: [ app_begin ] --START--
INFO: Run Behavior\ReadHtmlCacheBehavior [ RunTime:0.001000s ]
INFO: [ app_begin ] --END-- [ RunTime:0.001000s ]
NOTIC: [8] Use of undefined constant grant_type - assumed 'grant_type' D:\WWW\wxsdk\Application\Home\Controller\SdkController.class.php 第 107 行.
NOTIC: [8] Use of undefined constant appid - assumed 'appid' D:\WWW\wxsdk\Application\Home\Controller\SdkController.class.php 第 108 行.
NOTIC: [8] Use of undefined constant secret - assumed 'secret' D:\WWW\wxsdk\Application\Home\Controller\SdkController.class.php 第 109 行.
NOTIC: [8] Undefined property: stdClass::$errcode D:\WWW\wxsdk\Application\Home\Controller\SdkController.class.php 第 115 行.
NOTIC: [8] Use of undefined constant access_token - assumed 'access_token' D:\WWW\wxsdk\Application\Home\Controller\SdkController.class.php 第 75 行.
NOTIC: [8] Use of undefined constant type - assumed 'type' D:\WWW\wxsdk\Application\Home\Controller\SdkController.class.php 第 76 行.
NOTIC: [8] Undefined variable: httpData D:\WWW\wxsdk\Application\Home\Controller\SdkController.class.php 第 60 行.
INFO: [ app_end ] --START--
INFO: Run Behavior\ShowPageTraceBehavior [ RunTime:0.001000s ]
INFO: [ app_end ] --END-- [ RunTime:0.002000s ]

[ 2017-09-25T14:18:04+08:00 ] ::1 /wxsdk/Home/Sdk/signature?url=http://www.huijia-edu.com/xin/join.html
INFO: [ app_init ] --START--
INFO: Run Behavior\BuildLiteBehavior [ RunTime:0.000000s ]
INFO: [ app_init ] --END-- [ RunTime:0.001000s ]
INFO: [ app_begin ] --START--
INFO: Run Behavior\ReadHtmlCacheBehavior [ RunTime:0.000000s ]
INFO: [ app_begin ] --END-- [ RunTime:0.001000s ]
NOTIC: [8] Use of undefined constant grant_type - assumed 'grant_type' D:\WWW\wxsdk\Application\Home\Controller\SdkController.class.php 第 107 行.
NOTIC: [8] Use of undefined constant appid - assumed 'appid' D:\WWW\wxsdk\Application\Home\Controller\SdkController.class.php 第 108 行.
NOTIC: [8] Use of undefined constant secret - assumed 'secret' D:\WWW\wxsdk\Application\Home\Controller\SdkController.class.php 第 109 行.
NOTIC: [8] Undefined property: stdClass::$errcode D:\WWW\wxsdk\Application\Home\Controller\SdkController.class.php 第 115 行.
NOTIC: [8] Use of undefined constant access_token - assumed 'access_token' D:\WWW\wxsdk\Application\Home\Controller\SdkController.class.php 第 75 行.
NOTIC: [8] Use of undefined constant type - assumed 'type' D:\WWW\wxsdk\Application\Home\Controller\SdkController.class.php 第 76 行.
NOTIC: [8] Undefined variable: httpData D:\WWW\wxsdk\Application\Home\Controller\SdkController.class.php 第 60 行.
INFO: [ app_end ] --START--
INFO: Run Behavior\ShowPageTraceBehavior [ RunTime:0.001000s ]
INFO: [ app_end ] --END-- [ RunTime:0.001000s ]

[ 2017-09-25T14:19:24+08:00 ] ::1 /wxsdk/Home/Sdk/signature?url=http://www.huijia-edu.com/xin/join.html
INFO: [ app_init ] --START--
INFO: Run Behavior\BuildLiteBehavior [ RunTime:0.000000s ]
INFO: [ app_init ] --END-- [ RunTime:0.001000s ]
INFO: [ app_begin ] --START--
INFO: Run Behavior\ReadHtmlCacheBehavior [ RunTime:0.001000s ]
INFO: [ app_begin ] --END-- [ RunTime:0.001000s ]
NOTIC: [8] Use of undefined constant grant_type - assumed 'grant_type' D:\WWW\wxsdk\Application\Home\Controller\SdkController.class.php 第 107 行.
NOTIC: [8] Use of undefined constant appid - assumed 'appid' D:\WWW\wxsdk\Application\Home\Controller\SdkController.class.php 第 108 行.
NOTIC: [8] Use of undefined constant secret - assumed 'secret' D:\WWW\wxsdk\Application\Home\Controller\SdkController.class.php 第 109 行.
NOTIC: [8] Undefined property: stdClass::$errcode D:\WWW\wxsdk\Application\Home\Controller\SdkController.class.php 第 115 行.
NOTIC: [8] Use of undefined constant access_token - assumed 'access_token' D:\WWW\wxsdk\Application\Home\Controller\SdkController.class.php 第 75 行.
NOTIC: [8] Use of undefined constant type - assumed 'type' D:\WWW\wxsdk\Application\Home\Controller\SdkController.class.php 第 76 行.
NOTIC: [8] Undefined variable: httpData D:\WWW\wxsdk\Application\Home\Controller\SdkController.class.php 第 60 行.
INFO: [ app_end ] --START--
INFO: Run Behavior\ShowPageTraceBehavior [ RunTime:0.002000s ]
INFO: [ app_end ] --END-- [ RunTime:0.002000s ]

[ 2017-09-25T14:20:38+08:00 ] ::1 /wxsdk/Home/Sdk/signature?url=http://www.huijia-edu.com/xin/join.html
INFO: [ app_init ] --START--
INFO: Run Behavior\BuildLiteBehavior [ RunTime:0.000000s ]
INFO: [ app_init ] --END-- [ RunTime:0.001000s ]
INFO: [ app_begin ] --START--
INFO: Run Behavior\ReadHtmlCacheBehavior [ RunTime:0.000000s ]
INFO: [ app_begin ] --END-- [ RunTime:0.001000s ]
NOTIC: [8] Use of undefined constant grant_type - assumed 'grant_type' D:\WWW\wxsdk\Application\Home\Controller\SdkController.class.php 第 112 行.
NOTIC: [8] Use of undefined constant appid - assumed 'appid' D:\WWW\wxsdk\Application\Home\Controller\SdkController.class.php 第 113 行.
NOTIC: [8] Use of undefined constant secret - assumed 'secret' D:\WWW\wxsdk\Application\Home\Controller\SdkController.class.php 第 114 行.
NOTIC: [8] Undefined property: stdClass::$errcode D:\WWW\wxsdk\Application\Home\Controller\SdkController.class.php 第 120 行.
NOTIC: [8] Use of undefined constant access_token - assumed 'access_token' D:\WWW\wxsdk\Application\Home\Controller\SdkController.class.php 第 80 行.
NOTIC: [8] Use of undefined constant type - assumed 'type' D:\WWW\wxsdk\Application\Home\Controller\SdkController.class.php 第 81 行.
NOTIC: [8] Undefined variable: httpData D:\WWW\wxsdk\Application\Home\Controller\SdkController.class.php 第 65 行.
INFO: [ app_end ] --START--
INFO: Run Behavior\ShowPageTraceBehavior [ RunTime:0.002000s ]
INFO: [ app_end ] --END-- [ RunTime:0.002000s ]

[ 2017-09-25T14:21:32+08:00 ] ::1 /wxsdk/Home/Sdk/signature?url=http://www.huijia-edu.com/xin/join.html
INFO: [ app_init ] --START--
INFO: Run Behavior\BuildLiteBehavior [ RunTime:0.000000s ]
INFO: [ app_init ] --END-- [ RunTime:0.001000s ]
INFO: [ app_begin ] --START--
INFO: Run Behavior\ReadHtmlCacheBehavior [ RunTime:0.001000s ]
INFO: [ app_begin ] --END-- [ RunTime:0.001000s ]

[ 2017-09-25T14:21:47+08:00 ] ::1 /wxsdk/Home/Sdk/signature?url=http://www.huijia-edu.com/xin/join.html
INFO: [ app_init ] --START--
INFO: Run Behavior\BuildLiteBehavior [ RunTime:0.000000s ]
INFO: [ app_init ] --END-- [ RunTime:0.001000s ]
INFO: [ app_begin ] --START--
INFO: Run Behavior\ReadHtmlCacheBehavior [ RunTime:0.001000s ]
INFO: [ app_begin ] --END-- [ RunTime:0.001000s ]

[ 2017-09-25T14:22:02+08:00 ] ::1 /wxsdk/Home/Sdk/signature?url=http://www.huijia-edu.com/xin/join.html
INFO: [ app_init ] --START--
INFO: Run Behavior\BuildLiteBehavior [ RunTime:0.000000s ]
INFO: [ app_init ] --END-- [ RunTime:0.001000s ]
INFO: [ app_begin ] --START--
INFO: Run Behavior\ReadHtmlCacheBehavior [ RunTime:0.000000s ]
INFO: [ app_begin ] --END-- [ RunTime:0.001000s ]

[ 2017-09-25T14:22:04+08:00 ] ::1 /wxsdk/Home/Sdk/signature?url=http://www.huijia-edu.com/xin/join.html
INFO: [ app_init ] --START--
INFO: Run Behavior\BuildLiteBehavior [ RunTime:0.000000s ]
INFO: [ app_init ] --END-- [ RunTime:0.001000s ]
INFO: [ app_begin ] --START--
INFO: Run Behavior\ReadHtmlCacheBehavior [ RunTime:0.001000s ]
INFO: [ app_begin ] --END-- [ RunTime:0.001000s ]

[ 2017-09-25T14:22:18+08:00 ] ::1 /wxsdk/Home/Sdk/signature?url=http://www.huijia-edu.com/xin/join.html
INFO: [ app_init ] --START--
INFO: Run Behavior\BuildLiteBehavior [ RunTime:0.000000s ]
INFO: [ app_init ] --END-- [ RunTime:0.001000s ]
INFO: [ app_begin ] --START--
INFO: Run Behavior\ReadHtmlCacheBehavior [ RunTime:0.001000s ]
INFO: [ app_begin ] --END-- [ RunTime:0.001000s ]
NOTIC: [8] Use of undefined constant grant_type - assumed 'grant_type' D:\WWW\wxsdk\Application\Home\Controller\SdkController.class.php 第 116 行.
NOTIC: [8] Use of undefined constant appid - assumed 'appid' D:\WWW\wxsdk\Application\Home\Controller\SdkController.class.php 第 117 行.
NOTIC: [8] Use of undefined constant secret - assumed 'secret' D:\WWW\wxsdk\Application\Home\Controller\SdkController.class.php 第 118 行.
NOTIC: [8] Undefined property: stdClass::$errcode D:\WWW\wxsdk\Application\Home\Controller\SdkController.class.php 第 124 行.
NOTIC: [8] Use of undefined constant access_token - assumed 'access_token' D:\WWW\wxsdk\Application\Home\Controller\SdkController.class.php 第 84 行.
NOTIC: [8] Use of undefined constant type - assumed 'type' D:\WWW\wxsdk\Application\Home\Controller\SdkController.class.php 第 85 行.
NOTIC: [8] Undefined variable: httpData D:\WWW\wxsdk\Application\Home\Controller\SdkController.class.php 第 69 行.
INFO: [ app_end ] --START--
INFO: Run Behavior\ShowPageTraceBehavior [ RunTime:0.001000s ]
INFO: [ app_end ] --END-- [ RunTime:0.001000s ]

[ 2017-09-25T14:25:21+08:00 ] ::1 /wxsdk/Home/Sdk/signature?url=http://www.huijia-edu.com/xin/join.html
INFO: [ app_init ] --START--
INFO: Run Behavior\BuildLiteBehavior [ RunTime:0.000000s ]
INFO: [ app_init ] --END-- [ RunTime:0.000000s ]
INFO: [ app_begin ] --START--
INFO: Run Behavior\ReadHtmlCacheBehavior [ RunTime:0.001000s ]
INFO: [ app_begin ] --END-- [ RunTime:0.001000s ]
NOTIC: [8] Use of undefined constant grant_type - assumed 'grant_type' D:\WWW\wxsdk\Application\Home\Controller\SdkController.class.php 第 116 行.
NOTIC: [8] Use of undefined constant appid - assumed 'appid' D:\WWW\wxsdk\Application\Home\Controller\SdkController.class.php 第 117 行.
NOTIC: [8] Use of undefined constant secret - assumed 'secret' D:\WWW\wxsdk\Application\Home\Controller\SdkController.class.php 第 118 行.
NOTIC: [8] Undefined property: stdClass::$errcode D:\WWW\wxsdk\Application\Home\Controller\SdkController.class.php 第 124 行.
NOTIC: [8] Use of undefined constant access_token - assumed 'access_token' D:\WWW\wxsdk\Application\Home\Controller\SdkController.class.php 第 84 行.
NOTIC: [8] Use of undefined constant type - assumed 'type' D:\WWW\wxsdk\Application\Home\Controller\SdkController.class.php 第 85 行.
NOTIC: [8] Undefined variable: httpData D:\WWW\wxsdk\Application\Home\Controller\SdkController.class.php 第 69 行.
INFO: [ app_end ] --START--
INFO: Run Behavior\ShowPageTraceBehavior [ RunTime:0.002000s ]
INFO: [ app_end ] --END-- [ RunTime:0.002000s ]

[ 2017-09-25T14:27:03+08:00 ] ::1 /wxsdk/Home/Sdk/signature?url=http://www.huijia-edu.com/xin/join.html
INFO: [ app_init ] --START--
INFO: Run Behavior\BuildLiteBehavior [ RunTime:0.000000s ]
INFO: [ app_init ] --END-- [ RunTime:0.001000s ]
INFO: [ app_begin ] --START--
INFO: Run Behavior\ReadHtmlCacheBehavior [ RunTime:0.001000s ]
INFO: [ app_begin ] --END-- [ RunTime:0.001000s ]
NOTIC: [8] Use of undefined constant grant_type - assumed 'grant_type' D:\WWW\wxsdk\Application\Home\Controller\SdkController.class.php 第 116 行.
NOTIC: [8] Use of undefined constant appid - assumed 'appid' D:\WWW\wxsdk\Application\Home\Controller\SdkController.class.php 第 117 行.
NOTIC: [8] Use of undefined constant secret - assumed 'secret' D:\WWW\wxsdk\Application\Home\Controller\SdkController.class.php 第 118 行.
NOTIC: [8] Undefined property: stdClass::$errcode D:\WWW\wxsdk\Application\Home\Controller\SdkController.class.php 第 124 行.
NOTIC: [8] Use of undefined constant access_token - assumed 'access_token' D:\WWW\wxsdk\Application\Home\Controller\SdkController.class.php 第 84 行.
NOTIC: [8] Use of undefined constant type - assumed 'type' D:\WWW\wxsdk\Application\Home\Controller\SdkController.class.php 第 85 行.
NOTIC: [8] Undefined variable: httpData D:\WWW\wxsdk\Application\Home\Controller\SdkController.class.php 第 69 行.
INFO: [ app_end ] --START--
INFO: Run Behavior\ShowPageTraceBehavior [ RunTime:0.001000s ]
INFO: [ app_end ] --END-- [ RunTime:0.001000s ]

[ 2017-09-25T14:27:34+08:00 ] ::1 /wxsdk/Home/Sdk/signature?url=http://www.huijia-edu.com/xin/join.html
INFO: [ app_init ] --START--
INFO: Run Behavior\BuildLiteBehavior [ RunTime:0.000000s ]
INFO: [ app_init ] --END-- [ RunTime:0.000000s ]
INFO: [ app_begin ] --START--
INFO: Run Behavior\ReadHtmlCacheBehavior [ RunTime:0.001000s ]
INFO: [ app_begin ] --END-- [ RunTime:0.001000s ]
NOTIC: [8] Use of undefined constant grant_type - assumed 'grant_type' D:\WWW\wxsdk\Application\Home\Controller\SdkController.class.php 第 116 行.
NOTIC: [8] Use of undefined constant appid - assumed 'appid' D:\WWW\wxsdk\Application\Home\Controller\SdkController.class.php 第 117 行.
NOTIC: [8] Use of undefined constant secret - assumed 'secret' D:\WWW\wxsdk\Application\Home\Controller\SdkController.class.php 第 118 行.
NOTIC: [8] Undefined property: stdClass::$errcode D:\WWW\wxsdk\Application\Home\Controller\SdkController.class.php 第 124 行.
NOTIC: [8] Use of undefined constant access_token - assumed 'access_token' D:\WWW\wxsdk\Application\Home\Controller\SdkController.class.php 第 84 行.
NOTIC: [8] Use of undefined constant type - assumed 'type' D:\WWW\wxsdk\Application\Home\Controller\SdkController.class.php 第 85 行.
NOTIC: [8] Undefined variable: httpData D:\WWW\wxsdk\Application\Home\Controller\SdkController.class.php 第 69 行.
INFO: [ app_end ] --START--
INFO: Run Behavior\ShowPageTraceBehavior [ RunTime:0.002000s ]
INFO: [ app_end ] --END-- [ RunTime:0.002000s ]

[ 2017-09-25T14:29:58+08:00 ] ::1 /wxsdk/Home/Sdk/signature?url=http://www.huijia-edu.com/xin/join.html
INFO: [ app_init ] --START--
INFO: Run Behavior\BuildLiteBehavior [ RunTime:0.000000s ]
INFO: [ app_init ] --END-- [ RunTime:0.001000s ]
INFO: [ app_begin ] --START--
INFO: Run Behavior\ReadHtmlCacheBehavior [ RunTime:0.001000s ]
INFO: [ app_begin ] --END-- [ RunTime:0.001000s ]
NOTIC: [8] Use of undefined constant grant_type - assumed 'grant_type' D:\WWW\wxsdk\Application\Home\Controller\SdkController.class.php 第 116 行.
NOTIC: [8] Use of undefined constant appid - assumed 'appid' D:\WWW\wxsdk\Application\Home\Controller\SdkController.class.php 第 117 行.
NOTIC: [8] Use of undefined constant secret - assumed 'secret' D:\WWW\wxsdk\Application\Home\Controller\SdkController.class.php 第 118 行.
NOTIC: [8] Undefined property: stdClass::$errcode D:\WWW\wxsdk\Application\Home\Controller\SdkController.class.php 第 124 行.
NOTIC: [8] Use of undefined constant access_token - assumed 'access_token' D:\WWW\wxsdk\Application\Home\Controller\SdkController.class.php 第 84 行.
NOTIC: [8] Use of undefined constant type - assumed 'type' D:\WWW\wxsdk\Application\Home\Controller\SdkController.class.php 第 85 行.
NOTIC: [8] Undefined variable: httpData D:\WWW\wxsdk\Application\Home\Controller\SdkController.class.php 第 69 行.
INFO: [ app_end ] --START--
INFO: Run Behavior\ShowPageTraceBehavior [ RunTime:0.001000s ]
INFO: [ app_end ] --END-- [ RunTime:0.002000s ]

[ 2017-09-25T14:30:14+08:00 ] ::1 /wxsdk/Home/Sdk/signature?url=http://www.huijia-edu.com/xin/join.html
INFO: [ app_init ] --START--
INFO: Run Behavior\BuildLiteBehavior [ RunTime:0.000000s ]
INFO: [ app_init ] --END-- [ RunTime:0.000000s ]
INFO: [ app_begin ] --START--
INFO: Run Behavior\ReadHtmlCacheBehavior [ RunTime:0.000000s ]
INFO: [ app_begin ] --END-- [ RunTime:0.000000s ]
NOTIC: [8] Use of undefined constant grant_type - assumed 'grant_type' D:\WWW\wxsdk\Application\Home\Controller\SdkController.class.php 第 108 行.
NOTIC: [8] Use of undefined constant appid - assumed 'appid' D:\WWW\wxsdk\Application\Home\Controller\SdkController.class.php 第 109 行.
NOTIC: [8] Use of undefined constant secret - assumed 'secret' D:\WWW\wxsdk\Application\Home\Controller\SdkController.class.php 第 110 行.
NOTIC: [8] Undefined property: stdClass::$errcode D:\WWW\wxsdk\Application\Home\Controller\SdkController.class.php 第 116 行.
NOTIC: [8] Use of undefined constant access_token - assumed 'access_token' D:\WWW\wxsdk\Application\Home\Controller\SdkController.class.php 第 76 行.
NOTIC: [8] Use of undefined constant type - assumed 'type' D:\WWW\wxsdk\Application\Home\Controller\SdkController.class.php 第 77 行.
NOTIC: [8] Undefined variable: httpData D:\WWW\wxsdk\Application\Home\Controller\SdkController.class.php 第 61 行.
INFO: [ app_end ] --START--
INFO: Run Behavior\ShowPageTraceBehavior [ RunTime:0.001000s ]
INFO: [ app_end ] --END-- [ RunTime:0.001000s ]

[ 2017-09-25T14:42:16+08:00 ] ::1 /wxsdk/Home/Sdk/signature?url=http://www.huijia-edu.com/xin/join.html
INFO: [ app_init ] --START--
INFO: Run Behavior\BuildLiteBehavior [ RunTime:0.000000s ]
INFO: [ app_init ] --END-- [ RunTime:0.001000s ]
INFO: [ app_begin ] --START--
INFO: Run Behavior\ReadHtmlCacheBehavior [ RunTime:0.001000s ]
INFO: [ app_begin ] --END-- [ RunTime:0.001000s ]
NOTIC: [8] Use of undefined constant grant_type - assumed 'grant_type' D:\WWW\wxsdk\Application\Home\Controller\SdkController.class.php 第 109 行.
NOTIC: [8] Use of undefined constant appid - assumed 'appid' D:\WWW\wxsdk\Application\Home\Controller\SdkController.class.php 第 110 行.
NOTIC: [8] Use of undefined constant secret - assumed 'secret' D:\WWW\wxsdk\Application\Home\Controller\SdkController.class.php 第 111 行.
NOTIC: [8] Undefined property: stdClass::$errcode D:\WWW\wxsdk\Application\Home\Controller\SdkController.class.php 第 117 行.
NOTIC: [8] Use of undefined constant access_token - assumed 'access_token' D:\WWW\wxsdk\Application\Home\Controller\SdkController.class.php 第 77 行.
NOTIC: [8] Use of undefined constant type - assumed 'type' D:\WWW\wxsdk\Application\Home\Controller\SdkController.class.php 第 78 行.
NOTIC: [8] Undefined variable: httpData D:\WWW\wxsdk\Application\Home\Controller\SdkController.class.php 第 62 行.
INFO: [ app_end ] --START--
INFO: Run Behavior\ShowPageTraceBehavior [ RunTime:0.001000s ]
INFO: [ app_end ] --END-- [ RunTime:0.002000s ]

[ 2017-09-25T14:45:46+08:00 ] ::1 /wxsdk/Home/Sdk/signature?url=http://www.huijia-edu.com/xin/join.html
INFO: [ app_init ] --START--
INFO: Run Behavior\BuildLiteBehavior [ RunTime:0.000000s ]
INFO: [ app_init ] --END-- [ RunTime:0.001000s ]
INFO: [ app_begin ] --START--
INFO: Run Behavior\ReadHtmlCacheBehavior [ RunTime:0.001000s ]
INFO: [ app_begin ] --END-- [ RunTime:0.001000s ]
NOTIC: [8] Use of undefined constant access_token - assumed 'access_token' D:\WWW\wxsdk\Application\Home\Controller\SdkController.class.php 第 77 行.
NOTIC: [8] Use of undefined constant type - assumed 'type' D:\WWW\wxsdk\Application\Home\Controller\SdkController.class.php 第 78 行.
NOTIC: [8] Undefined variable: httpData D:\WWW\wxsdk\Application\Home\Controller\SdkController.class.php 第 62 行.
INFO: [ app_end ] --START--
INFO: Run Behavior\ShowPageTraceBehavior [ RunTime:0.002000s ]
INFO: [ app_end ] --END-- [ RunTime:0.002000s ]

[ 2017-09-25T14:48:32+08:00 ] ::1 /wxsdk/Home/Sdk/signature?url=http://www.huijia-edu.com/xin/join.html
INFO: [ app_init ] --START--
INFO: Run Behavior\BuildLiteBehavior [ RunTime:0.000000s ]
INFO: [ app_init ] --END-- [ RunTime:0.001000s ]
INFO: [ app_begin ] --START--
INFO: Run Behavior\ReadHtmlCacheBehavior [ RunTime:0.001000s ]
INFO: [ app_begin ] --END-- [ RunTime:0.001000s ]
NOTIC: [8] Use of undefined constant grant_type - assumed 'grant_type' D:\WWW\wxsdk\Application\Home\Controller\SdkController.class.php 第 110 行.
NOTIC: [8] Use of undefined constant appid - assumed 'appid' D:\WWW\wxsdk\Application\Home\Controller\SdkController.class.php 第 111 行.
NOTIC: [8] Use of undefined constant secret - assumed 'secret' D:\WWW\wxsdk\Application\Home\Controller\SdkController.class.php 第 112 行.
NOTIC: [8] Undefined property: stdClass::$errcode D:\WWW\wxsdk\Application\Home\Controller\SdkController.class.php 第 118 行.
NOTIC: [8] Use of undefined constant access_token - assumed 'access_token' D:\WWW\wxsdk\Application\Home\Controller\SdkController.class.php 第 78 行.
NOTIC: [8] Use of undefined constant type - assumed 'type' D:\WWW\wxsdk\Application\Home\Controller\SdkController.class.php 第 79 行.
NOTIC: [8] Undefined variable: httpData D:\WWW\wxsdk\Application\Home\Controller\SdkController.class.php 第 63 行.
INFO: [ app_end ] --START--
INFO: Run Behavior\ShowPageTraceBehavior [ RunTime:0.001000s ]
INFO: [ app_end ] --END-- [ RunTime:0.002000s ]

[ 2017-09-25T15:49:05+08:00 ] ::1 /wxsdk/Home/Sdk/signature?url=http://www.huijia-edu.com/xin/join.html
INFO: [ app_init ] --START--
INFO: Run Behavior\BuildLiteBehavior [ RunTime:0.000000s ]
INFO: [ app_init ] --END-- [ RunTime:0.015000s ]
INFO: [ app_begin ] --START--
INFO: Run Behavior\ReadHtmlCacheBehavior [ RunTime:0.005000s ]
INFO: [ app_begin ] --END-- [ RunTime:0.006000s ]
NOTIC: [8] Use of undefined constant grant_type - assumed 'grant_type' D:\WWW\wxsdk\Application\Home\Controller\SdkController.class.php 第 110 行.
NOTIC: [8] Use of undefined constant appid - assumed 'appid' D:\WWW\wxsdk\Application\Home\Controller\SdkController.class.php 第 111 行.
NOTIC: [8] Use of undefined constant secret - assumed 'secret' D:\WWW\wxsdk\Application\Home\Controller\SdkController.class.php 第 112 行.
NOTIC: [8] Undefined property: stdClass::$errcode D:\WWW\wxsdk\Application\Home\Controller\SdkController.class.php 第 118 行.
NOTIC: [8] Use of undefined constant access_token - assumed 'access_token' D:\WWW\wxsdk\Application\Home\Controller\SdkController.class.php 第 78 行.
NOTIC: [8] Use of undefined constant type - assumed 'type' D:\WWW\wxsdk\Application\Home\Controller\SdkController.class.php 第 79 行.
NOTIC: [8] Undefined variable: httpData D:\WWW\wxsdk\Application\Home\Controller\SdkController.class.php 第 63 行.
INFO: [ app_end ] --START--
INFO: Run Behavior\ShowPageTraceBehavior [ RunTime:0.002000s ]
INFO: [ app_end ] --END-- [ RunTime:0.002000s ]

