[ 2017-09-21T16:49:43+08:00 ] ::1 /reader2/Home/api/slipers
INFO: [ app_init ] --START--
INFO: Run Behavior\BuildLiteBehavior [ RunTime:0.000000s ]
INFO: [ app_init ] --END-- [ RunTime:0.001000s ]
INFO: [ app_begin ] --START--
INFO: Run Behavior\ReadHtmlCacheBehavior [ RunTime:0.001000s ]
INFO: [ app_begin ] --END-- [ RunTime:0.001000s ]
INFO: [ app_end ] --START--
INFO: Run Behavior\ShowPageTraceBehavior [ RunTime:0.000000s ]
INFO: [ app_end ] --END-- [ RunTime:0.001000s ]

[ 2017-09-21T17:18:28+08:00 ] ::1 /wxsdk/Home/Sdk/token
INFO: [ app_init ] --START--
INFO: Run Behavior\BuildLiteBehavior [ RunTime:0.000000s ]
INFO: [ app_init ] --END-- [ RunTime:0.001000s ]
INFO: [ app_begin ] --START--
INFO: Run Behavior\ReadHtmlCacheBehavior [ RunTime:0.001000s ]
INFO: [ app_begin ] --END-- [ RunTime:0.001000s ]

[ 2017-09-21T17:20:00+08:00 ] ::1 /wxsdk/Home/Sdk/token
INFO: [ app_init ] --START--
INFO: Run Behavior\BuildLiteBehavior [ RunTime:0.000000s ]
INFO: [ app_init ] --END-- [ RunTime:0.000000s ]
INFO: [ app_begin ] --START--
INFO: Run Behavior\ReadHtmlCacheBehavior [ RunTime:0.001000s ]
INFO: [ app_begin ] --END-- [ RunTime:0.001000s ]
NOTIC: [8] Use of undefined constant grant_type - assumed 'grant_type' D:\WWW\wxsdk\Application\Home\Controller\SdkController.class.php 第 10 行.
NOTIC: [8] Use of undefined constant appid - assumed 'appid' D:\WWW\wxsdk\Application\Home\Controller\SdkController.class.php 第 11 行.
NOTIC: [8] Use of undefined constant secret - assumed 'secret' D:\WWW\wxsdk\Application\Home\Controller\SdkController.class.php 第 12 行.
INFO: [ app_end ] --START--
INFO: Run Behavior\ShowPageTraceBehavior [ RunTime:0.001000s ]
INFO: [ app_end ] --END-- [ RunTime:0.001000s ]

[ 2017-09-21T17:29:34+08:00 ] ::1 /wxsdk/Home/Sdk/token
INFO: [ app_init ] --START--
INFO: Run Behavior\BuildLiteBehavior [ RunTime:0.000000s ]
INFO: [ app_init ] --END-- [ RunTime:0.000000s ]
INFO: [ app_begin ] --START--
INFO: Run Behavior\ReadHtmlCacheBehavior [ RunTime:0.001000s ]
INFO: [ app_begin ] --END-- [ RunTime:0.001000s ]
NOTIC: [8] Use of undefined constant grant_type - assumed 'grant_type' D:\WWW\wxsdk\Application\Home\Controller\SdkController.class.php 第 10 行.
NOTIC: [8] Use of undefined constant appid - assumed 'appid' D:\WWW\wxsdk\Application\Home\Controller\SdkController.class.php 第 11 行.
NOTIC: [8] Use of undefined constant secret - assumed 'secret' D:\WWW\wxsdk\Application\Home\Controller\SdkController.class.php 第 12 行.
INFO: [ app_end ] --START--
INFO: Run Behavior\ShowPageTraceBehavior [ RunTime:0.002000s ]
INFO: [ app_end ] --END-- [ RunTime:0.002000s ]

[ 2017-09-21T17:48:56+08:00 ] ::1 /wxsdk/Home/Sdk/token
INFO: [ app_init ] --START--
INFO: Run Behavior\BuildLiteBehavior [ RunTime:0.000000s ]
INFO: [ app_init ] --END-- [ RunTime:0.001000s ]
INFO: [ app_begin ] --START--
INFO: Run Behavior\ReadHtmlCacheBehavior [ RunTime:0.001000s ]
INFO: [ app_begin ] --END-- [ RunTime:0.001000s ]
NOTIC: [8] Use of undefined constant grant_type - assumed 'grant_type' D:\WWW\wxsdk\Application\Home\Controller\SdkController.class.php 第 10 行.
NOTIC: [8] Use of undefined constant appid - assumed 'appid' D:\WWW\wxsdk\Application\Home\Controller\SdkController.class.php 第 11 行.
NOTIC: [8] Use of undefined constant secret - assumed 'secret' D:\WWW\wxsdk\Application\Home\Controller\SdkController.class.php 第 12 行.
NOTIC: [8] Use of undefined constant access_token - assumed 'access_token' D:\WWW\wxsdk\Application\Home\Controller\SdkController.class.php 第 15 行.
INFO: [ app_end ] --START--
INFO: Run Behavior\ShowPageTraceBehavior [ RunTime:0.002000s ]
INFO: [ app_end ] --END-- [ RunTime:0.002000s ]

[ 2017-09-21T17:49:18+08:00 ] ::1 /wxsdk/Home/Sdk/token
INFO: [ app_init ] --START--
INFO: Run Behavior\BuildLiteBehavior [ RunTime:0.000000s ]
INFO: [ app_init ] --END-- [ RunTime:0.001000s ]
INFO: [ app_begin ] --START--
INFO: Run Behavior\ReadHtmlCacheBehavior [ RunTime:0.000000s ]
INFO: [ app_begin ] --END-- [ RunTime:0.000000s ]
NOTIC: [8] Use of undefined constant grant_type - assumed 'grant_type' D:\WWW\wxsdk\Application\Home\Controller\SdkController.class.php 第 10 行.
NOTIC: [8] Use of undefined constant appid - assumed 'appid' D:\WWW\wxsdk\Application\Home\Controller\SdkController.class.php 第 11 行.
NOTIC: [8] Use of undefined constant secret - assumed 'secret' D:\WWW\wxsdk\Application\Home\Controller\SdkController.class.php 第 12 行.
INFO: [ app_end ] --START--
INFO: Run Behavior\ShowPageTraceBehavior [ RunTime:0.002000s ]
INFO: [ app_end ] --END-- [ RunTime:0.002000s ]

[ 2017-09-21T17:57:25+08:00 ] ::1 /wxsdk/Home/Sdk/token
INFO: [ app_init ] --START--
INFO: Run Behavior\BuildLiteBehavior [ RunTime:0.000000s ]
INFO: [ app_init ] --END-- [ RunTime:0.000000s ]
INFO: [ app_begin ] --START--
INFO: Run Behavior\ReadHtmlCacheBehavior [ RunTime:0.001000s ]
INFO: [ app_begin ] --END-- [ RunTime:0.001000s ]
NOTIC: [8] Use of undefined constant grant_type - assumed 'grant_type' D:\WWW\wxsdk\Application\Home\Controller\SdkController.class.php 第 10 行.
NOTIC: [8] Use of undefined constant appid - assumed 'appid' D:\WWW\wxsdk\Application\Home\Controller\SdkController.class.php 第 11 行.
NOTIC: [8] Use of undefined constant secret - assumed 'secret' D:\WWW\wxsdk\Application\Home\Controller\SdkController.class.php 第 12 行.
NOTIC: [8] Use of undefined constant ob - assumed 'ob' D:\WWW\wxsdk\Application\Home\Controller\SdkController.class.php 第 16 行.
NOTIC: [8] Use of undefined constant accesstoken - assumed 'accesstoken' D:\WWW\wxsdk\Application\Home\Controller\SdkController.class.php 第 16 行.
INFO: [ app_end ] --START--
INFO: Run Behavior\ShowPageTraceBehavior [ RunTime:0.002000s ]
INFO: [ app_end ] --END-- [ RunTime:0.002000s ]

[ 2017-09-21T17:57:36+08:00 ] ::1 /wxsdk/Home/Sdk/token
INFO: [ app_init ] --START--
INFO: Run Behavior\BuildLiteBehavior [ RunTime:0.000000s ]
INFO: [ app_init ] --END-- [ RunTime:0.001000s ]
INFO: [ app_begin ] --START--
INFO: Run Behavior\ReadHtmlCacheBehavior [ RunTime:0.001000s ]
INFO: [ app_begin ] --END-- [ RunTime:0.001000s ]
NOTIC: [8] Use of undefined constant grant_type - assumed 'grant_type' D:\WWW\wxsdk\Application\Home\Controller\SdkController.class.php 第 10 行.
NOTIC: [8] Use of undefined constant appid - assumed 'appid' D:\WWW\wxsdk\Application\Home\Controller\SdkController.class.php 第 11 行.
NOTIC: [8] Use of undefined constant secret - assumed 'secret' D:\WWW\wxsdk\Application\Home\Controller\SdkController.class.php 第 12 行.
NOTIC: [8] Use of undefined constant accesstoken - assumed 'accesstoken' D:\WWW\wxsdk\Application\Home\Controller\SdkController.class.php 第 16 行.
NOTIC: [4096] Object of class stdClass could not be converted to string D:\WWW\wxsdk\Application\Home\Controller\SdkController.class.php 第 16 行.
INFO: [ app_end ] --START--
INFO: Run Behavior\ShowPageTraceBehavior [ RunTime:0.002000s ]
INFO: [ app_end ] --END-- [ RunTime:0.002000s ]

[ 2017-09-21T17:57:49+08:00 ] ::1 /wxsdk/Home/Sdk/token
INFO: [ app_init ] --START--
INFO: Run Behavior\BuildLiteBehavior [ RunTime:0.000000s ]
INFO: [ app_init ] --END-- [ RunTime:0.001000s ]
INFO: [ app_begin ] --START--
INFO: Run Behavior\ReadHtmlCacheBehavior [ RunTime:0.001000s ]
INFO: [ app_begin ] --END-- [ RunTime:0.001000s ]
NOTIC: [8] Use of undefined constant grant_type - assumed 'grant_type' D:\WWW\wxsdk\Application\Home\Controller\SdkController.class.php 第 10 行.
NOTIC: [8] Use of undefined constant appid - assumed 'appid' D:\WWW\wxsdk\Application\Home\Controller\SdkController.class.php 第 11 行.
NOTIC: [8] Use of undefined constant secret - assumed 'secret' D:\WWW\wxsdk\Application\Home\Controller\SdkController.class.php 第 12 行.
NOTIC: [4096] Object of class stdClass could not be converted to string D:\WWW\wxsdk\Application\Home\Controller\SdkController.class.php 第 16 行.
INFO: [ app_end ] --START--
INFO: Run Behavior\ShowPageTraceBehavior [ RunTime:0.002000s ]
INFO: [ app_end ] --END-- [ RunTime:0.002000s ]

[ 2017-09-21T17:58:03+08:00 ] ::1 /wxsdk/Home/Sdk/token
INFO: [ app_init ] --START--
INFO: Run Behavior\BuildLiteBehavior [ RunTime:0.000000s ]
INFO: [ app_init ] --END-- [ RunTime:0.001000s ]
INFO: [ app_begin ] --START--
INFO: Run Behavior\ReadHtmlCacheBehavior [ RunTime:0.001000s ]
INFO: [ app_begin ] --END-- [ RunTime:0.001000s ]
NOTIC: [8] Use of undefined constant grant_type - assumed 'grant_type' D:\WWW\wxsdk\Application\Home\Controller\SdkController.class.php 第 10 行.
NOTIC: [8] Use of undefined constant appid - assumed 'appid' D:\WWW\wxsdk\Application\Home\Controller\SdkController.class.php 第 11 行.
NOTIC: [8] Use of undefined constant secret - assumed 'secret' D:\WWW\wxsdk\Application\Home\Controller\SdkController.class.php 第 12 行.
INFO: [ app_end ] --START--
INFO: Run Behavior\ShowPageTraceBehavior [ RunTime:0.001000s ]
INFO: [ app_end ] --END-- [ RunTime:0.001000s ]

[ 2017-09-21T17:58:36+08:00 ] ::1 /wxsdk/Home/Sdk/token
INFO: [ app_init ] --START--
INFO: Run Behavior\BuildLiteBehavior [ RunTime:0.000000s ]
INFO: [ app_init ] --END-- [ RunTime:0.001000s ]
INFO: [ app_begin ] --START--
INFO: Run Behavior\ReadHtmlCacheBehavior [ RunTime:0.001000s ]
INFO: [ app_begin ] --END-- [ RunTime:0.001000s ]
NOTIC: [8] Use of undefined constant grant_type - assumed 'grant_type' D:\WWW\wxsdk\Application\Home\Controller\SdkController.class.php 第 10 行.
NOTIC: [8] Use of undefined constant appid - assumed 'appid' D:\WWW\wxsdk\Application\Home\Controller\SdkController.class.php 第 11 行.
NOTIC: [8] Use of undefined constant secret - assumed 'secret' D:\WWW\wxsdk\Application\Home\Controller\SdkController.class.php 第 12 行.
NOTIC: [8] Use of undefined constant access_token - assumed 'access_token' D:\WWW\wxsdk\Application\Home\Controller\SdkController.class.php 第 15 行.
INFO: [ app_end ] --START--
INFO: Run Behavior\ShowPageTraceBehavior [ RunTime:0.001000s ]
INFO: [ app_end ] --END-- [ RunTime:0.002000s ]

[ 2017-09-21T17:59:19+08:00 ] ::1 /wxsdk/Home/Sdk/token
INFO: [ app_init ] --START--
INFO: Run Behavior\BuildLiteBehavior [ RunTime:0.000000s ]
INFO: [ app_init ] --END-- [ RunTime:0.001000s ]
INFO: [ app_begin ] --START--
INFO: Run Behavior\ReadHtmlCacheBehavior [ RunTime:0.001000s ]
INFO: [ app_begin ] --END-- [ RunTime:0.001000s ]
NOTIC: [8] Use of undefined constant grant_type - assumed 'grant_type' D:\WWW\wxsdk\Application\Home\Controller\SdkController.class.php 第 10 行.
NOTIC: [8] Use of undefined constant appid - assumed 'appid' D:\WWW\wxsdk\Application\Home\Controller\SdkController.class.php 第 11 行.
NOTIC: [8] Use of undefined constant secret - assumed 'secret' D:\WWW\wxsdk\Application\Home\Controller\SdkController.class.php 第 12 行.
NOTIC: [8] Use of undefined constant access_token - assumed 'access_token' D:\WWW\wxsdk\Application\Home\Controller\SdkController.class.php 第 17 行.
NOTIC: [4096] Object of class stdClass could not be converted to string D:\WWW\wxsdk\Application\Home\Controller\SdkController.class.php 第 17 行.
INFO: [ app_end ] --START--
INFO: Run Behavior\ShowPageTraceBehavior [ RunTime:0.001000s ]
INFO: [ app_end ] --END-- [ RunTime:0.002000s ]

[ 2017-09-21T18:00:01+08:00 ] ::1 /wxsdk/Home/Sdk/token
INFO: [ app_init ] --START--
INFO: Run Behavior\BuildLiteBehavior [ RunTime:0.000000s ]
INFO: [ app_init ] --END-- [ RunTime:0.000000s ]
INFO: [ app_begin ] --START--
INFO: Run Behavior\ReadHtmlCacheBehavior [ RunTime:0.001000s ]
INFO: [ app_begin ] --END-- [ RunTime:0.001000s ]
NOTIC: [8] Use of undefined constant grant_type - assumed 'grant_type' D:\WWW\wxsdk\Application\Home\Controller\SdkController.class.php 第 10 行.
NOTIC: [8] Use of undefined constant appid - assumed 'appid' D:\WWW\wxsdk\Application\Home\Controller\SdkController.class.php 第 11 行.
NOTIC: [8] Use of undefined constant secret - assumed 'secret' D:\WWW\wxsdk\Application\Home\Controller\SdkController.class.php 第 12 行.
NOTIC: [4096] Object of class stdClass could not be converted to string D:\WWW\wxsdk\Application\Home\Controller\SdkController.class.php 第 17 行.
INFO: [ app_end ] --START--
INFO: Run Behavior\ShowPageTraceBehavior [ RunTime:0.001000s ]
INFO: [ app_end ] --END-- [ RunTime:0.001000s ]

[ 2017-09-21T18:00:02+08:00 ] ::1 /wxsdk/Home/Sdk/token
INFO: [ app_init ] --START--
INFO: Run Behavior\BuildLiteBehavior [ RunTime:0.000000s ]
INFO: [ app_init ] --END-- [ RunTime:0.000000s ]
INFO: [ app_begin ] --START--
INFO: Run Behavior\ReadHtmlCacheBehavior [ RunTime:0.001000s ]
INFO: [ app_begin ] --END-- [ RunTime:0.001000s ]
NOTIC: [8] Use of undefined constant grant_type - assumed 'grant_type' D:\WWW\wxsdk\Application\Home\Controller\SdkController.class.php 第 10 行.
NOTIC: [8] Use of undefined constant appid - assumed 'appid' D:\WWW\wxsdk\Application\Home\Controller\SdkController.class.php 第 11 行.
NOTIC: [8] Use of undefined constant secret - assumed 'secret' D:\WWW\wxsdk\Application\Home\Controller\SdkController.class.php 第 12 行.
NOTIC: [4096] Object of class stdClass could not be converted to string D:\WWW\wxsdk\Application\Home\Controller\SdkController.class.php 第 17 行.
INFO: [ app_end ] --START--
INFO: Run Behavior\ShowPageTraceBehavior [ RunTime:0.001000s ]
INFO: [ app_end ] --END-- [ RunTime:0.002000s ]

[ 2017-09-21T18:00:04+08:00 ] ::1 /wxsdk/Home/Sdk/token
INFO: [ app_init ] --START--
INFO: Run Behavior\BuildLiteBehavior [ RunTime:0.000000s ]
INFO: [ app_init ] --END-- [ RunTime:0.001000s ]
INFO: [ app_begin ] --START--
INFO: Run Behavior\ReadHtmlCacheBehavior [ RunTime:0.001000s ]
INFO: [ app_begin ] --END-- [ RunTime:0.001000s ]
NOTIC: [8] Use of undefined constant grant_type - assumed 'grant_type' D:\WWW\wxsdk\Application\Home\Controller\SdkController.class.php 第 10 行.
NOTIC: [8] Use of undefined constant appid - assumed 'appid' D:\WWW\wxsdk\Application\Home\Controller\SdkController.class.php 第 11 行.
NOTIC: [8] Use of undefined constant secret - assumed 'secret' D:\WWW\wxsdk\Application\Home\Controller\SdkController.class.php 第 12 行.
NOTIC: [4096] Object of class stdClass could not be converted to string D:\WWW\wxsdk\Application\Home\Controller\SdkController.class.php 第 17 行.
INFO: [ app_end ] --START--
INFO: Run Behavior\ShowPageTraceBehavior [ RunTime:0.001000s ]
INFO: [ app_end ] --END-- [ RunTime:0.001000s ]

[ 2017-09-21T18:00:18+08:00 ] ::1 /wxsdk/Home/Sdk/token
INFO: [ app_init ] --START--
INFO: Run Behavior\BuildLiteBehavior [ RunTime:0.000000s ]
INFO: [ app_init ] --END-- [ RunTime:0.000000s ]
INFO: [ app_begin ] --START--
INFO: Run Behavior\ReadHtmlCacheBehavior [ RunTime:0.001000s ]
INFO: [ app_begin ] --END-- [ RunTime:0.001000s ]
NOTIC: [8] Use of undefined constant grant_type - assumed 'grant_type' D:\WWW\wxsdk\Application\Home\Controller\SdkController.class.php 第 10 行.
NOTIC: [8] Use of undefined constant appid - assumed 'appid' D:\WWW\wxsdk\Application\Home\Controller\SdkController.class.php 第 11 行.
NOTIC: [8] Use of undefined constant secret - assumed 'secret' D:\WWW\wxsdk\Application\Home\Controller\SdkController.class.php 第 12 行.

[ 2017-09-21T18:01:00+08:00 ] ::1 /wxsdk/Home/Sdk/token
INFO: [ app_init ] --START--
INFO: Run Behavior\BuildLiteBehavior [ RunTime:0.000000s ]
INFO: [ app_init ] --END-- [ RunTime:0.001000s ]
INFO: [ app_begin ] --START--
INFO: Run Behavior\ReadHtmlCacheBehavior [ RunTime:0.000000s ]
INFO: [ app_begin ] --END-- [ RunTime:0.000000s ]
NOTIC: [8] Use of undefined constant grant_type - assumed 'grant_type' D:\WWW\wxsdk\Application\Home\Controller\SdkController.class.php 第 10 行.
NOTIC: [8] Use of undefined constant appid - assumed 'appid' D:\WWW\wxsdk\Application\Home\Controller\SdkController.class.php 第 11 行.
NOTIC: [8] Use of undefined constant secret - assumed 'secret' D:\WWW\wxsdk\Application\Home\Controller\SdkController.class.php 第 12 行.
INFO: [ app_end ] --START--
INFO: Run Behavior\ShowPageTraceBehavior [ RunTime:0.001000s ]
INFO: [ app_end ] --END-- [ RunTime:0.001000s ]

[ 2017-09-21T18:02:32+08:00 ] ::1 /wxsdk/Home/Sdk/token
INFO: [ app_init ] --START--
INFO: Run Behavior\BuildLiteBehavior [ RunTime:0.000000s ]
INFO: [ app_init ] --END-- [ RunTime:0.001000s ]
INFO: [ app_begin ] --START--
INFO: Run Behavior\ReadHtmlCacheBehavior [ RunTime:0.001000s ]
INFO: [ app_begin ] --END-- [ RunTime:0.001000s ]
NOTIC: [8] Use of undefined constant grant_type - assumed 'grant_type' D:\WWW\wxsdk\Application\Home\Controller\SdkController.class.php 第 10 行.
NOTIC: [8] Use of undefined constant appid - assumed 'appid' D:\WWW\wxsdk\Application\Home\Controller\SdkController.class.php 第 11 行.
NOTIC: [8] Use of undefined constant secret - assumed 'secret' D:\WWW\wxsdk\Application\Home\Controller\SdkController.class.php 第 12 行.
INFO: [ app_end ] --START--
INFO: Run Behavior\ShowPageTraceBehavior [ RunTime:0.001000s ]
INFO: [ app_end ] --END-- [ RunTime:0.001000s ]

[ 2017-09-21T18:02:56+08:00 ] ::1 /wxsdk/Home/Sdk/token
INFO: [ app_init ] --START--
INFO: Run Behavior\BuildLiteBehavior [ RunTime:0.000000s ]
INFO: [ app_init ] --END-- [ RunTime:0.001000s ]
INFO: [ app_begin ] --START--
INFO: Run Behavior\ReadHtmlCacheBehavior [ RunTime:0.001000s ]
INFO: [ app_begin ] --END-- [ RunTime:0.001000s ]
NOTIC: [8] Use of undefined constant grant_type - assumed 'grant_type' D:\WWW\wxsdk\Application\Home\Controller\SdkController.class.php 第 10 行.
NOTIC: [8] Use of undefined constant appid - assumed 'appid' D:\WWW\wxsdk\Application\Home\Controller\SdkController.class.php 第 11 行.
NOTIC: [8] Use of undefined constant secret - assumed 'secret' D:\WWW\wxsdk\Application\Home\Controller\SdkController.class.php 第 12 行.
INFO: [ app_end ] --START--
INFO: Run Behavior\ShowPageTraceBehavior [ RunTime:0.002000s ]
INFO: [ app_end ] --END-- [ RunTime:0.002000s ]

[ 2017-09-21T18:10:07+08:00 ] ::1 /wxsdk/Home/Sdk/token
INFO: [ app_init ] --START--
INFO: Run Behavior\BuildLiteBehavior [ RunTime:0.000000s ]
INFO: [ app_init ] --END-- [ RunTime:0.000000s ]
INFO: [ app_begin ] --START--
INFO: Run Behavior\ReadHtmlCacheBehavior [ RunTime:0.001000s ]
INFO: [ app_begin ] --END-- [ RunTime:0.001000s ]
NOTIC: [8] Use of undefined constant grant_type - assumed 'grant_type' D:\WWW\wxsdk\Application\Home\Controller\SdkController.class.php 第 10 行.
NOTIC: [8] Use of undefined constant appid - assumed 'appid' D:\WWW\wxsdk\Application\Home\Controller\SdkController.class.php 第 11 行.
NOTIC: [8] Use of undefined constant secret - assumed 'secret' D:\WWW\wxsdk\Application\Home\Controller\SdkController.class.php 第 12 行.
NOTIC: [8] Use of undefined constant access_token - assumed 'access_token' D:\WWW\wxsdk\Application\Home\Controller\SdkController.class.php 第 97 行.
NOTIC: [8] Use of undefined constant appid - assumed 'appid' D:\WWW\wxsdk\Application\Home\Controller\SdkController.class.php 第 98 行.
INFO: [ app_end ] --START--
INFO: Run Behavior\ShowPageTraceBehavior [ RunTime:0.002000s ]
INFO: [ app_end ] --END-- [ RunTime:0.002000s ]

[ 2017-09-21T18:12:09+08:00 ] ::1 /wxsdk/Home/Sdk/token
INFO: [ app_init ] --START--
INFO: Run Behavior\BuildLiteBehavior [ RunTime:0.000000s ]
INFO: [ app_init ] --END-- [ RunTime:0.000000s ]
INFO: [ app_begin ] --START--
INFO: Run Behavior\ReadHtmlCacheBehavior [ RunTime:0.001000s ]
INFO: [ app_begin ] --END-- [ RunTime:0.001000s ]
NOTIC: [8] Use of undefined constant grant_type - assumed 'grant_type' D:\WWW\wxsdk\Application\Home\Controller\SdkController.class.php 第 10 行.
NOTIC: [8] Use of undefined constant appid - assumed 'appid' D:\WWW\wxsdk\Application\Home\Controller\SdkController.class.php 第 11 行.
NOTIC: [8] Use of undefined constant secret - assumed 'secret' D:\WWW\wxsdk\Application\Home\Controller\SdkController.class.php 第 12 行.
NOTIC: [8] Use of undefined constant access_token - assumed 'access_token' D:\WWW\wxsdk\Application\Home\Controller\SdkController.class.php 第 97 行.
NOTIC: [8] Use of undefined constant type - assumed 'type' D:\WWW\wxsdk\Application\Home\Controller\SdkController.class.php 第 98 行.
INFO: [ app_end ] --START--
INFO: Run Behavior\ShowPageTraceBehavior [ RunTime:0.002000s ]
INFO: [ app_end ] --END-- [ RunTime:0.002000s ]

[ 2017-09-21T18:46:20+08:00 ] ::1 /wxsdk/Home/Sdk/token
INFO: [ app_init ] --START--
INFO: Run Behavior\BuildLiteBehavior [ RunTime:0.000000s ]
INFO: [ app_init ] --END-- [ RunTime:0.001000s ]
INFO: [ app_begin ] --START--
INFO: Run Behavior\ReadHtmlCacheBehavior [ RunTime:0.001000s ]
INFO: [ app_begin ] --END-- [ RunTime:0.001000s ]

[ 2017-09-21T18:46:40+08:00 ] ::1 /wxsdk/Home/Sdk/token
INFO: [ app_init ] --START--
INFO: Run Behavior\BuildLiteBehavior [ RunTime:0.000000s ]
INFO: [ app_init ] --END-- [ RunTime:0.000000s ]
INFO: [ app_begin ] --START--
INFO: Run Behavior\ReadHtmlCacheBehavior [ RunTime:0.000000s ]
INFO: [ app_begin ] --END-- [ RunTime:0.000000s ]
NOTIC: [8] Use of undefined constant grant_type - assumed 'grant_type' D:\WWW\wxsdk\Application\Home\Controller\SdkController.class.php 第 10 行.
NOTIC: [8] Use of undefined constant appid - assumed 'appid' D:\WWW\wxsdk\Application\Home\Controller\SdkController.class.php 第 11 行.
NOTIC: [8] Use of undefined constant secret - assumed 'secret' D:\WWW\wxsdk\Application\Home\Controller\SdkController.class.php 第 12 行.
NOTIC: [8] Use of undefined constant access_token - assumed 'access_token' D:\WWW\wxsdk\Application\Home\Controller\SdkController.class.php 第 106 行.
NOTIC: [8] Use of undefined constant type - assumed 'type' D:\WWW\wxsdk\Application\Home\Controller\SdkController.class.php 第 107 行.
INFO: [ app_end ] --START--
INFO: Run Behavior\ShowPageTraceBehavior [ RunTime:0.002000s ]
INFO: [ app_end ] --END-- [ RunTime:0.002000s ]

[ 2017-09-21T18:48:57+08:00 ] ::1 /wxsdk/Home/Sdk/token
INFO: [ app_init ] --START--
INFO: Run Behavior\BuildLiteBehavior [ RunTime:0.000000s ]
INFO: [ app_init ] --END-- [ RunTime:0.001000s ]
INFO: [ app_begin ] --START--
INFO: Run Behavior\ReadHtmlCacheBehavior [ RunTime:0.001000s ]
INFO: [ app_begin ] --END-- [ RunTime:0.001000s ]
NOTIC: [8] Use of undefined constant grant_type - assumed 'grant_type' D:\WWW\wxsdk\Application\Home\Controller\SdkController.class.php 第 10 行.
NOTIC: [8] Use of undefined constant appid - assumed 'appid' D:\WWW\wxsdk\Application\Home\Controller\SdkController.class.php 第 11 行.
NOTIC: [8] Use of undefined constant secret - assumed 'secret' D:\WWW\wxsdk\Application\Home\Controller\SdkController.class.php 第 12 行.
NOTIC: [8] Use of undefined constant access_token - assumed 'access_token' D:\WWW\wxsdk\Application\Home\Controller\SdkController.class.php 第 115 行.
NOTIC: [8] Use of undefined constant type - assumed 'type' D:\WWW\wxsdk\Application\Home\Controller\SdkController.class.php 第 116 行.
INFO: [ app_end ] --START--
INFO: Run Behavior\ShowPageTraceBehavior [ RunTime:0.001000s ]
INFO: [ app_end ] --END-- [ RunTime:0.001000s ]

[ 2017-09-21T18:49:15+08:00 ] ::1 /wxsdk/Home/Sdk/token
INFO: [ app_init ] --START--
INFO: Run Behavior\BuildLiteBehavior [ RunTime:0.000000s ]
INFO: [ app_init ] --END-- [ RunTime:0.001000s ]
INFO: [ app_begin ] --START--
INFO: Run Behavior\ReadHtmlCacheBehavior [ RunTime:0.001000s ]
INFO: [ app_begin ] --END-- [ RunTime:0.001000s ]
NOTIC: [8] Use of undefined constant grant_type - assumed 'grant_type' D:\WWW\wxsdk\Application\Home\Controller\SdkController.class.php 第 10 行.
NOTIC: [8] Use of undefined constant appid - assumed 'appid' D:\WWW\wxsdk\Application\Home\Controller\SdkController.class.php 第 11 行.
NOTIC: [8] Use of undefined constant secret - assumed 'secret' D:\WWW\wxsdk\Application\Home\Controller\SdkController.class.php 第 12 行.
NOTIC: [8] Use of undefined constant access_token - assumed 'access_token' D:\WWW\wxsdk\Application\Home\Controller\SdkController.class.php 第 115 行.
NOTIC: [8] Use of undefined constant type - assumed 'type' D:\WWW\wxsdk\Application\Home\Controller\SdkController.class.php 第 116 行.
INFO: [ app_end ] --START--
INFO: Run Behavior\ShowPageTraceBehavior [ RunTime:0.002000s ]
INFO: [ app_end ] --END-- [ RunTime:0.003000s ]

